trade_file 文件夹已存在!
数据读取成功!
加载数据缓存
数据缓存成功!
{'batch_size': 128, 'buffer_size': 50000, 'learning_rate': 0.001}
[[ 1.00000000e+06  0.00000000e+00  0.00000000e+00  0.00000000e+00
   0.00000000e+00  0.00000000e+00  0.00000000e+00  0.00000000e+00
   0.00000000e+00  0.00000000e+00  0.00000000e+00  0.00000000e+00
   0.00000000e+00  0.00000000e+00  0.00000000e+00  0.00000000e+00
   0.00000000e+00  0.00000000e+00  0.00000000e+00  0.00000000e+00
   0.00000000e+00  0.00000000e+00  0.00000000e+00  0.00000000e+00
   0.00000000e+00  0.00000000e+00  0.00000000e+00  0.00000000e+00
   0.00000000e+00  0.00000000e+00  0.00000000e+00  0.00000000e+00
   0.00000000e+00  0.00000000e+00  0.00000000e+00  0.00000000e+00
   0.00000000e+00  0.00000000e+00  0.00000000e+00  0.00000000e+00
   0.00000000e+00  0.00000000e+00  0.00000000e+00  0.00000000e+00
   0.00000000e+00  0.00000000e+00  0.00000000e+00  0.00000000e+00
   0.00000000e+00  0.00000000e+00  0.00000000e+00  1.13879347e+01
   1.06246357e+01  5.83690033e+01  1.10062847e+01  1.11678829e+01
   1.08095570e+01  6.04920723e-02  3.16428188e+05  4.20439844e+05
   3.67428781e+05  1.12577000e+01  3.00000000e+00  5.81224700e+06
   0.00000000e+00  1.52340177e-02  7.86184616e+01  7.60310364e+01
   4.86115837e+01  7.73247528e+01  7.65296936e+01  7.89193268e+01
   1.97284445e-01  7.28243906e+04  8.58962812e+04  8.30276953e+04
   7.65792999e+01  3.00000000e+00  1.21198710e+07 -1.83561351e-02
   2.33966615e-02  5.71345806e+00  5.52719212e+00  6.39487534e+01
   5.62032509e+00  5.56626987e+00  5.45944500e+00  3.27008888e-02
   5.94586438e+05  5.88825062e+05  5.79299750e+05  5.71330023e+00
   3.00000000e+00  5.96277000e+06  0.00000000e+00  7.85885565e-03
   4.53898907e+00  4.30525112e+00  6.65922623e+01  4.42212009e+00
   4.38730669e+00  4.40389061e+00  3.34428921e-02  5.65739625e+05
   5.31993750e+05  5.91934500e+05  4.55609989e+00  3.00000000e+00
   5.69711100e+06  7.74785457e-03  1.54737607e-02  2.47313232e+01
   2.05675354e+01  6.85742264e+01  2.26494293e+01  2.17812824e+01
   2.18725758e+01  7.03306735e-01  1.75484575e+06  1.03821444e+06
   1.06140800e+06  2.46840000e+01  3.00000000e+00  8.83036960e+07
  -9.80797317e-03  2.47164164e-02  1.67123299e+01  1.41537905e+01
   7.61874390e+01  1.54330597e+01  1.43468733e+01  1.38492165e+01
   5.79603553e-01  8.18995812e+05  6.70111500e+05  7.20720500e+05
   1.72439003e+01  3.00000000e+00  2.16000900e+07  3.67666259e-02
   3.67666259e-02  3.67715034e+01  3.38850060e+01  6.33863182e+01
   3.53282547e+01  3.48701401e+01  3.41042557e+01  3.91476810e-01
   3.68362719e+05  4.05705406e+05  4.48646938e+05  3.67748985e+01
   3.00000000e+00  3.03850600e+07  2.18600184e-02  2.82910354e-02
   1.46365147e+01  1.32740154e+01  6.22341499e+01  1.39552650e+01
   1.34655638e+01  1.30038862e+01  2.80019701e-01  7.29336562e+05
   7.05316562e+05  7.26052562e+05  1.44640999e+01  3.00000000e+00
   1.45062650e+07 -1.16841011e-02  3.38285826e-02  5.77422142e+00
   5.34201860e+00  6.00144196e+01  5.55811977e+00  5.65988016e+00
   5.68828011e+00  2.88006794e-02  9.05507000e+05  8.90376875e+05
   1.07007762e+06  5.79860020e+00  3.00000000e+00  1.17295180e+07
   1.98668651e-02  3.14558670e-02  2.25032063e+01  2.09391441e+01
   5.99889832e+01  2.17211742e+01  2.15908890e+01  2.20374451e+01
   1.60561129e-01  2.06469219e+05  1.76167203e+05  2.06905594e+05
   2.22537994e+01  3.00000000e+00  8.31707950e+06  7.03250663e-03
   2.23422516e-02  2.67321777e+01  2.44168911e+01  5.94933777e+01
   2.55745354e+01  2.55185909e+01  2.58716393e+01  2.10775524e-01
   1.43145391e+05  1.57567188e+05  1.62113844e+05  2.66945000e+01
   3.00000000e+00  6.35257150e+06  9.98333003e-03  2.18172278e-02
   6.06338806e+01  5.73102493e+01  5.38939362e+01  5.89720650e+01
   6.04454002e+01  5.54325981e+01 -2.38965258e-01  1.75671188e+05
   1.87384625e+05  1.76659609e+05  6.06015015e+01  3.00000000e+00
   1.27753970e+07 -3.65007459e-03  1.42570725e-02  5.42276878e+01
   4.73351440e+01  6.92446365e+01  5.07814140e+01  4.63926430e+01
   4.42293167e+01  1.75174844e+00  1.34943469e+05  1.22594945e+05
   1.35593078e+05  5.36754990e+01  3.00000000e+00  1.14532590e+07
  -1.09137315e-02  3.41757424e-02  1.36979418e+01  1.23231382e+01
   6.15972748e+01  1.30105400e+01  1.25802765e+01  1.31512012e+01
   1.04510956e-01  2.53376812e+05  2.71381094e+05  2.96350781e+05
   1.38628998e+01  3.00000000e+00  1.05786960e+07  6.00740090e-02
   6.99637160e-02  1.16355322e+03  1.09848010e+03  4.42498817e+01
   1.13101660e+03  1.15096313e+03  1.09289172e+03 -3.86152196e+00
   3.25741758e+04  2.97928848e+04  3.25646543e+04  1.10656543e+03
   3.00000000e+00  1.63881408e+08  1.76989089e-03  2.57167816e-02
   2.32548580e+01  2.17550812e+01  5.86652184e+01  2.25049706e+01
   2.23847466e+01  2.34079762e+01  2.55898744e-01  4.10134469e+05
   3.50043250e+05  3.97767531e+05  2.33808994e+01  3.00000000e+00
   1.14357470e+07  1.79334413e-02  2.12780517e-02  4.44230194e+01
   4.00026741e+01  5.66796036e+01  4.22128448e+01  4.15874252e+01
   4.06192017e+01  3.14782262e-01  1.48788031e+05  1.61521141e+05
   1.67895312e+05  4.33918991e+01  3.00000000e+00  7.62322850e+06
   7.93235563e-03  2.54264046e-02  5.04934273e+01  4.13217697e+01
   7.85118027e+01  4.59076004e+01  4.21869431e+01  3.97574043e+01
   1.99111044e+00  2.27813859e+05  2.00015188e+05  1.91852828e+05
   5.13809013e+01  3.00000000e+00  2.11296580e+07  8.96052830e-03
   4.87457402e-02  2.33222694e+01  2.10792294e+01  5.55590706e+01
   2.22007504e+01  2.24848995e+01  2.28646126e+01 -7.51270726e-02
   1.64294062e+05  1.69748219e+05  2.00698719e+05  2.30109997e+01
   3.00000000e+00  9.46434800e+06  5.51866516e-02  5.68380356e-02
   1.99004784e+01  1.58150215e+01  6.65645065e+01  1.78577499e+01
   1.68120880e+01  1.60460396e+01  6.01454318e-01  5.39233125e+05
   4.36140188e+05  3.44983969e+05  1.92152996e+01  3.00000000e+00
   1.21556090e+07  1.60965472e-02  2.81702597e-02  2.01211815e+01
   1.72528591e+01  5.72332954e+01  1.86870193e+01  1.63635750e+01
   1.40821390e+01  5.33078313e-01  1.23641025e+06  1.24890388e+06
   1.19347488e+06  1.87812004e+01  3.00000000e+00  2.20447700e+07
   2.32200287e-02  5.38251027e-02  1.06719955e+02  8.90612564e+01
   5.45616264e+01  9.78906021e+01  8.67522583e+01  6.88953629e+01
   4.57106441e-01  1.67984109e+05  1.67074062e+05  1.69805250e+05
   9.60045013e+01  3.00000000e+00  1.56151940e+07  3.68909799e-02
   5.68431690e-02  6.45937653e+01  5.95473633e+01  5.13871841e+01
   6.20705643e+01  6.31981468e+01  5.69998512e+01 -3.33411485e-01
   5.26287539e+04  5.10851016e+04  5.01441133e+04  6.29739990e+01
   3.00000000e+00  4.08480600e+06 -1.24019431e-03  2.13977192e-02
   1.50985193e+01  1.31785803e+01  6.44759521e+01  1.41385498e+01
   1.37886753e+01  1.36194897e+01  3.07311535e-01  9.00050250e+05
   6.77142750e+05  7.27172375e+05  1.49684000e+01  3.00000000e+00
   2.14698180e+07 -7.67617114e-03  2.68766209e-02  2.98813801e+01
   2.81752281e+01  6.46913605e+01  2.90283051e+01  2.80150204e+01
   2.82160759e+01  3.38276476e-01  3.48511094e+05  4.15690906e+05
   4.90223656e+05  3.02651005e+01  3.00000000e+00  1.65260300e+07
   1.85824595e-02  3.14950235e-02  2.16608543e+01  1.92114258e+01
   6.74626617e+01  2.04361401e+01  2.05447483e+01  2.17109356e+01
   2.71185338e-01  6.88788594e+04  6.03684688e+04  7.80262422e+04
   2.22212009e+01  3.00000000e+00  3.54864500e+06  2.99533773e-02
   5.36424667e-02  0.00000000e+00  0.00000000e+00  0.00000000e+00
   0.00000000e+00  0.00000000e+00  0.00000000e+00  0.00000000e+00
   0.00000000e+00  0.00000000e+00  0.00000000e+00  0.00000000e+00
   0.00000000e+00  0.00000000e+00  0.00000000e+00  0.00000000e+00
   1.84596424e+01  1.68863277e+01  6.35449409e+01  1.76729851e+01
   1.68946342e+01  1.75971775e+01  2.35285386e-01  3.63336781e+05
   3.96661969e+05  3.92425625e+05  1.87385006e+01  3.00000000e+00
   1.45104930e+07  5.46575226e-02  7.01123327e-02  3.23256721e+01
   2.00728683e+01  6.94397736e+01  2.61992702e+01  2.36669407e+01
   2.19261608e+01  1.95554912e+00  8.07541062e+05  4.96491219e+05
   4.80400719e+05  3.07712002e+01  3.00000000e+00  3.09682720e+07
   1.91737723e-03  7.15409219e-02  1.54292202e+01  1.41141701e+01
   6.36597443e+01  1.47716951e+01  1.49390602e+01  1.54318552e+01
   1.46326691e-01  3.85849219e+05  2.87624000e+05  1.96901688e+05
   1.55955000e+01  3.00000000e+00  1.01832040e+07  8.60504620e-03
   2.04417948e-02  1.86125469e+01  1.62201042e+01  6.02422867e+01
   1.74163246e+01  1.60264874e+01  1.47405300e+01  3.32578093e-01
   6.02738750e+05  5.34234000e+05  5.68495500e+05  1.77479992e+01
   3.00000000e+00  1.03385240e+07  2.72143329e-03  2.33941860e-02
   1.87983017e+01  1.72423992e+01  6.14871178e+01  1.80203495e+01
   1.77624626e+01  1.71826458e+01  1.89363033e-01  5.90967188e+05
   6.44491625e+05  7.10975812e+05  1.85585003e+01  3.00000000e+00
   2.09716320e+07  6.92943949e-03  1.83096696e-02  1.78065872e+01
   1.61599426e+01  6.26401443e+01  1.69832649e+01  1.65029907e+01
   1.66139908e+01  2.92666376e-01  3.73196750e+05  2.55583984e+05
   2.75927500e+05  1.76916008e+01  3.00000000e+00  1.02596040e+07
  -6.96375687e-03  1.87433586e-02  3.36019254e+00  3.20510745e+00
   6.17544289e+01  3.28264999e+00  3.24803162e+00  3.18827415e+00
   2.42101289e-02  1.63726450e+06  1.80984800e+06  1.92142662e+06
   3.33949995e+00  3.00000000e+00  6.86308900e+06  5.36008365e-03
   1.34151820e-02  8.16194229e+01  7.80669403e+01  5.14036331e+01
   7.98431778e+01  8.17869110e+01  8.19997940e+01 -1.79419577e-01
   4.64601562e+05  4.67714781e+05  5.11122094e+05  8.09057007e+01
   3.00000000e+00  6.29650280e+07  2.55482621e-03  1.05666230e-02
   4.73586884e+01  4.20635414e+01  6.64775772e+01  4.47111168e+01
   4.50122070e+01  4.67651291e+01  6.34231150e-01  1.46999406e+05
   1.35514656e+05  1.46365594e+05  4.78956985e+01  3.00000000e+00
   1.53932940e+07  1.57321021e-02  2.55638808e-02  5.39503717e+00
   5.12039280e+00  6.00927200e+01  5.25771523e+00  5.24765491e+00
   5.11182022e+00  2.83430535e-02  1.33613825e+06  1.28706950e+06
   1.36683062e+06  5.37939978e+00  3.00000000e+00  1.26388680e+07
   8.38383473e-03  2.00951770e-02  3.60687256e+01  3.14637547e+01
   6.54665222e+01  3.37662392e+01  3.30043831e+01  3.36890373e+01
   6.30021214e-01  1.92896125e+05  1.83224406e+05  2.01863547e+05
   3.57238007e+01  3.00000000e+00  1.16382060e+07  9.77499597e-03
   2.82920636e-02  3.42817345e+01  3.13634262e+01  5.76665764e+01
   3.28225784e+01  3.18255272e+01  2.98736172e+01  2.89393663e-01
   1.36502172e+05  1.53155188e+05  1.39172719e+05  3.35820999e+01
   3.00000000e+00  6.25383600e+06 -4.86568734e-03  2.54629701e-02
   5.30955553e+00  4.59206438e+00  7.36440964e+01  4.95080996e+00
   4.87946987e+00  5.06334257e+00  1.13395572e-01  1.56284788e+06
   1.45254788e+06  1.13337950e+06  5.45170021e+00  3.00000000e+00
   2.97139660e+07  3.38426530e-02  4.22987342e-02  1.99781685e+01
   1.65635414e+01  6.77245712e+01  1.82708549e+01  1.73646049e+01
   1.81835747e+01  6.10639632e-01  1.14527375e+06  8.30494562e+05
   7.25123312e+05  1.95366993e+01  3.00000000e+00  3.10912200e+07
  -2.30949949e-02  2.89915893e-02  4.07291460e+00  3.69915533e+00
   5.68926430e+01  3.88603497e+00  3.89182663e+00  3.65864825e+00
   3.39587256e-02  8.70865250e+05  1.07120388e+06  9.75916688e+05
   3.96169996e+00  3.00000000e+00  5.45192750e+06  0.00000000e+00
   2.69581247e-02  5.45798922e+00  5.15812063e+00  5.82989006e+01
   5.30805492e+00  5.35953188e+00  5.56206560e+00  2.75962502e-02
   4.95400906e+05  5.30274688e+05  5.98121625e+05  5.42869997e+00
   3.00000000e+00  3.95255500e+06  1.69469672e-03  6.81562815e-03
   8.99192429e+01  8.38207397e+01  5.64115562e+01  8.68699875e+01
   8.80573959e+01  8.91089783e+01  5.06187975e-01  8.66233906e+04
   8.09861719e+04  8.00497266e+04  8.93908997e+01  3.00000000e+00
   6.56942650e+06  1.15492744e-02  1.86562613e-02  4.51199865e+00
   3.41645122e+00  7.92855377e+01  3.96422505e+00  3.54244828e+00
   3.51917505e+00  2.27666780e-01  2.23864775e+06  1.60119938e+06
   1.61031075e+06  4.60559988e+00  3.00000000e+00  1.61590590e+07
   2.73579992e-02  5.26315793e-02  0.00000000e+00  0.00000000e+00
   0.00000000e+00  0.00000000e+00  0.00000000e+00  0.00000000e+00
   0.00000000e+00  0.00000000e+00  0.00000000e+00  0.00000000e+00
   0.00000000e+00  0.00000000e+00  0.00000000e+00  0.00000000e+00
   0.00000000e+00  5.72187767e+01  5.24404030e+01  4.99430923e+01
   5.48295898e+01  5.41845169e+01  4.91898384e+01 -7.07392674e-03
   8.99684844e+04  9.09820781e+04  8.93037266e+04  5.42634010e+01
   3.00000000e+00  6.30158750e+06 -9.49627161e-03  2.60857232e-02
   6.94759140e+01  6.59053726e+01  4.95647011e+01  6.76906433e+01
   6.91118698e+01  6.77859955e+01 -4.06371534e-01  2.78536426e+04
   2.92548691e+04  3.09552266e+04  6.82288971e+01  3.00000000e+00
   2.77863700e+06  2.31426861e-03  2.15729699e-02  1.59929657e+02
   1.39492111e+02  5.72456894e+01  1.49710892e+02  1.25991013e+02
   1.04157257e+02  4.73760939e+00  5.50175391e+04  4.83680859e+04
   5.23421328e+04  1.48961594e+02  3.00000000e+00  7.72528550e+06
   3.82937603e-02  4.45980728e-02  1.11346573e+02  9.34619751e+01
   6.28797722e+01  1.02404274e+02  8.78849716e+01  7.40602036e+01
   4.49091053e+00  7.59734375e+04  7.74780859e+04  7.74940547e+04
   1.11502296e+02  3.00000000e+00  1.10996670e+07  5.70311099e-02
   8.54556337e-02]]
EPISODE|STEPS|TERMINAL_REASON|CASH           |TOT_ASSETS     |TERMINAL_REWARD|GAINLOSS_PCT|RETREAT_PROPORTION
   1| 485|Last Date      |￥51,973        |￥1,589,246     |-0.00949% |58.92464% |-12.79%   
回测完成!
回测的时间窗口：2020-01-01 至 2022-01-01
查看日账户净值
开始: 
             cash    asset_value  total_assets    reward        date
0  1000000.000000       0.000000  1.000000e+06  0.000000  2020-01-03
1   894685.000354  105277.366381  9.999624e+05 -0.000075  2020-01-06
2   819369.999237  180987.909108  1.000358e+06  0.000179  2020-01-07
3   724219.445913  276232.114213  1.000452e+06  0.000151  2020-01-08
4   623835.572124  374140.655368  9.979762e+05 -0.002981  2020-01-09

结束: 
             cash   asset_value  total_assets    reward        date
480  46973.239946  1.528933e+06  1.575907e+06 -0.000210  2021-12-27
481  46973.239946  1.544909e+06  1.591882e+06 -0.000100  2021-12-28
482  46973.239946  1.556700e+06  1.603673e+06 -0.000019  2021-12-29
483  46973.239946  1.540246e+06  1.587219e+06 -0.000125  2021-12-30
484  51973.240230  1.537273e+06  1.589246e+06 -0.000098  2021-12-31
查看每日所作的交易
           date  ...                                       transactions
480  2021-12-27  ...  [0.0, 0.0, 0.0, 0.0, 0.0, 0.0, 0.0, 0.0, 0.0, ...
481  2021-12-28  ...  [0.0, 0.0, 0.0, 0.0, 0.0, 0.0, 0.0, 0.0, 0.0, ...
482  2021-12-29  ...  [0.0, 0.0, 0.0, 0.0, 0.0, 0.0, 0.0, 0.0, 0.0, ...
483  2021-12-30  ...  [0.0, 0.0, 0.0, 0.0, 0.0, 0.0, 0.0, 0.0, 0.0, ...
484  2021-12-31  ...  [0.0, 0.0, 0.0, 0.0, 0.0, 0.0, 0.0, 0.0, 0.0, ...

[5 rows x 3 columns]
